docker compose up -d db
 Network feattypes-catalog-page_default Creating 
 Network feattypes-catalog-page_default Created 
 Volume feattypes-catalog-page_og-pgdata Creating 
 Volume feattypes-catalog-page_og-pgdata Created 
 Container feattypes-catalog-page-db-1 Creating 
 Container feattypes-catalog-page-db-1 Created 
 Container feattypes-catalog-page-db-1 Starting 
 Container feattypes-catalog-page-db-1 Started 
waiting for postgres...
postgres ready on localhost:5432
go build -o bin/omniglass ./cmd/omniglass
cd web && npm install && npm run build

up to date, audited 239 packages in 571ms

43 packages are looking for funding
  run `npm fund` for details

found 0 vulnerabilities

> build
> vite build

vite v6.4.3 building for production...
transforming...
/*! 🌼 daisyUI 5.6.3 */
✓ 210 modules transformed.
rendering chunks...
computing gzip size...
../internal/webui/dist/index.html                   0.87 kB │ gzip:   0.47 kB
../internal/webui/dist/assets/index-DIdNWMHB.css  119.97 kB │ gzip:  20.01 kB
../internal/webui/dist/assets/index-DnFJ8XET.js   416.99 kB │ gzip: 124.04 kB
✓ built in 3.34s
go build -tags web -o bin/omniglass ./cmd/omniglass
INFRA_DONE=0
